<?xml version="1.0" encoding="UTF-8"?>

<!--
  ~ Copyright 2016 Red Hat, Inc.
  ~
  ~ Licensed under the Apache License, Version 2.0 (the "License");
  ~ you may not use this file except in compliance with the License.
  ~ You may obtain a copy of the License at
  ~
  ~   http://www.apache.org/licenses/LICENSE-2.0
  ~
  ~ Unless required by applicable law or agreed to in writing, software
  ~ distributed under the License is distributed on an "AS IS" BASIS,
  ~ WITHOUT WARRANTIES OR CONDITIONS OF ANY KIND, either express or implied.
  ~ See the License for the specific language governing permissions and
  ~ limitations under the License.
  -->

<job id="test-chunk-other" xmlns="http://xmlns.jcp.org/xml/ns/javaee" version="1.0">
    <step id="step1">
        <chunk item-count="3">
            <reader ref="countingItemReader">
                <properties>
                    <property name="reader.start" value="#{jobParameters['reader.start']}"/>
                    <property name="reader.end" value="#{jobParameters['reader.end']}"/>
                </properties>
            </reader>
            <writer ref="countingItemWriter">
                <properties>
                    <property name="writer.sleep.time" value="#{jobParameters['writer.sleep.time']}"/>
                </properties>
            </writer>
        </chunk>
    </step>
</job>